# JRE version: OpenJDK Runtime Environment (8.0_242-b01) (build 1.8.0_242-release-1644-b01)
# Java VM: OpenJDK 64-Bit Server VM (25.242-b01 mixed mode windows-amd64 compressed oops)
Heap:
 PSYoungGen      total 563712K, used 563350K [0x00000000d5580000, 0x0000000100000000, 0x0000000100000000)
  eden space 471552K, 100% used [0x00000000d5580000,0x00000000f2200000,0x00000000f2200000)
  from space 92160K, 99% used [0x00000000f2200000,0x00000000f7ba59a8,0x00000000f7c00000)
  to   space 124416K, 1% used [0x00000000f8680000,0x00000000f8874128,0x0000000100000000)
 ParOldGen       total 214528K, used 119887K [0x0000000080000000, 0x000000008d180000, 0x00000000d5580000)
  object space 214528K, 55% used [0x0000000080000000,0x0000000087513e50,0x000000008d180000)
 Metaspace       used 130771K, capacity 139189K, committed 139468K, reserved 1171456K
  class space    used 16577K, capacity 18012K, committed 18176K, reserved 1048576K
GC Heap History (10 events):
Event: 18877.078 GC heap after
Heap after GC invocations=56 (full 6):
 PSYoungGen      total 585216K, used 1280K [0x00000000d5580000, 0x0000000100000000, 0x0000000100000000)
  eden space 469504K, 0% used [0x00000000d5580000,0x00000000d5580000,0x00000000f2000000)
  from space 115712K, 1% used [0x00000000f8f00000,0x00000000f90400a0,0x0000000100000000)
  to   space 113664K, 0% used [0x00000000f2000000,0x00000000f2000000,0x00000000f8f00000)
 ParOldGen       total 214528K, used 188171K [0x0000000080000000, 0x000000008d180000, 0x00000000d5580000)
  object space 214528K, 87% used [0x0000000080000000,0x000000008b7c2f90,0x000000008d180000)
 Metaspace       used 128922K, capacity 136103K, committed 136268K, reserved 1167360K
  class space    used 16356K, capacity 17677K, committed 17792K, reserved 1048576K
}
Event: 18877.078 GC heap before
{Heap before GC invocations=57 (full 7):
 PSYoungGen      total 585216K, used 1280K [0x00000000d5580000, 0x0000000100000000, 0x0000000100000000)
  eden space 469504K, 0% used [0x00000000d5580000,0x00000000d5580000,0x00000000f2000000)
  from space 115712K, 1% used [0x00000000f8f00000,0x00000000f90400a0,0x0000000100000000)
  to   space 113664K, 0% used [0x00000000f2000000,0x00000000f2000000,0x00000000f8f00000)
 ParOldGen       total 214528K, used 188171K [0x0000000080000000, 0x000000008d180000, 0x00000000d5580000)
  object space 214528K, 87% used [0x0000000080000000,0x000000008b7c2f90,0x000000008d180000)
 Metaspace       used 128922K, capacity 136103K, committed 136268K, reserved 1167360K
  class space    used 16356K, capacity 17677K, committed 17792K, reserved 1048576K
Event: 18879.351 GC heap after
Heap after GC invocations=57 (full 7):
 PSYoungGen      total 585216K, used 0K [0x00000000d5580000, 0x0000000100000000, 0x0000000100000000)
  eden space 469504K, 0% used [0x00000000d5580000,0x00000000d5580000,0x00000000f2000000)
  from space 115712K, 0% used [0x00000000f8f00000,0x00000000f8f00000,0x0000000100000000)
  to   space 113664K, 0% used [0x00000000f2000000,0x00000000f2000000,0x00000000f8f00000)
 ParOldGen       total 214528K, used 93484K [0x0000000080000000, 0x000000008d180000, 0x00000000d5580000)
  object space 214528K, 43% used [0x0000000080000000,0x0000000085b4b1f0,0x000000008d180000)
 Metaspace       used 128151K, capacity 134771K, committed 136268K, reserved 1167360K
  class space    used 16210K, capacity 17417K, committed 17792K, reserved 1048576K
}
Event: 18912.159 GC heap before
{Heap before GC invocations=58 (full 7):
 PSYoungGen      total 585216K, used 469504K [0x00000000d5580000, 0x0000000100000000, 0x0000000100000000)
  eden space 469504K, 100% used [0x00000000d5580000,0x00000000f2000000,0x00000000f2000000)
  from space 115712K, 0% used [0x00000000f8f00000,0x00000000f8f00000,0x0000000100000000)
  to   space 113664K, 0% used [0x00000000f2000000,0x00000000f2000000,0x00000000f8f00000)
 ParOldGen       total 214528K, used 93485K [0x0000000080000000, 0x000000008d180000, 0x00000000d5580000)
  object space 214528K, 43% used [0x0000000080000000,0x0000000085b4b430,0x000000008d180000)
 Metaspace       used 129087K, capacity 135851K, committed 137036K, reserved 1169408K
  class space    used 16290K, capacity 17495K, committed 17792K, reserved 1048576K
Event: 18912.217 GC heap after
Heap after GC invocations=58 (full 7):
 PSYoungGen      total 519680K, used 50155K [0x00000000d5580000, 0x00000000ffb00000, 0x0000000100000000)
  eden space 469504K, 0% used [0x00000000d5580000,0x00000000d5580000,0x00000000f2000000)
  from space 50176K, 99% used [0x00000000f2000000,0x00000000f50faf18,0x00000000f5100000)
  to   space 112128K, 0% used [0x00000000f8d80000,0x00000000f8d80000,0x00000000ffb00000)
 ParOldGen       total 214528K, used 93493K [0x0000000080000000, 0x000000008d180000, 0x00000000d5580000)
  object space 214528K, 43% used [0x0000000080000000,0x0000000085b4d430,0x000000008d180000)
 Metaspace       used 129087K, capacity 135851K, committed 137036K, reserved 1169408K
  class space    used 16290K, capacity 17495K, committed 17792K, reserved 1048576K
}
Event: 18915.409 GC heap before
{Heap before GC invocations=59 (full 7):
 PSYoungGen      total 519680K, used 519659K [0x00000000d5580000, 0x00000000ffb00000, 0x0000000100000000)
  eden space 469504K, 100% used [0x00000000d5580000,0x00000000f2000000,0x00000000f2000000)
  from space 50176K, 99% used [0x00000000f2000000,0x00000000f50faf18,0x00000000f5100000)
  to   space 112128K, 0% used [0x00000000f8d80000,0x00000000f8d80000,0x00000000ffb00000)
 ParOldGen       total 214528K, used 102274K [0x0000000080000000, 0x000000008d180000, 0x00000000d5580000)
  object space 214528K, 47% used [0x0000000080000000,0x00000000863e0870,0x000000008d180000)
 Metaspace       used 129185K, capacity 135933K, committed 137036K, reserved 1169408K
  class space    used 16296K, capacity 17506K, committed 17792K, reserved 1048576K
Event: 18915.459 GC heap after
Heap after GC invocations=59 (full 7):
 PSYoungGen      total 583680K, used 1628K [0x00000000d5580000, 0x0000000100000000, 0x0000000100000000)
  eden space 471552K, 0% used [0x00000000d5580000,0x00000000d5580000,0x00000000f2200000)
  from space 112128K, 1% used [0x00000000f8d80000,0x00000000f8f173f8,0x00000000ffb00000)
  to   space 110080K, 0% used [0x00000000f2200000,0x00000000f2200000,0x00000000f8d80000)
 ParOldGen       total 214528K, used 114835K [0x0000000080000000, 0x000000008d180000, 0x00000000d5580000)
  object space 214528K, 53% used [0x0000000080000000,0x0000000087024c90,0x000000008d180000)
 Metaspace       used 129185K, capacity 135933K, committed 137036K, reserved 1169408K
  class space    used 16296K, capacity 17506K, committed 17792K, reserved 1048576K
}
Event: 19236.636 GC heap before
{Heap before GC invocations=60 (full 7):
 PSYoungGen      total 583680K, used 473180K [0x00000000d5580000, 0x0000000100000000, 0x0000000100000000)
  eden space 471552K, 100% used [0x00000000d5580000,0x00000000f2200000,0x00000000f2200000)
  from space 112128K, 1% used [0x00000000f8d80000,0x00000000f8f173f8,0x00000000ffb00000)
  to   space 110080K, 0% used [0x00000000f2200000,0x00000000f2200000,0x00000000f8d80000)
 ParOldGen       total 214528K, used 114835K [0x0000000080000000, 0x000000008d180000, 0x00000000d5580000)
  object space 214528K, 53% used [0x0000000080000000,0x0000000087024c90,0x000000008d180000)
 Metaspace       used 129590K, capacity 136811K, committed 137292K, reserved 1169408K
  class space    used 16370K, capacity 17641K, committed 17792K, reserved 1048576K
Event: 19237.170 GC heap after
Heap after GC invocations=60 (full 7):
 PSYoungGen      total 563712K, used 91798K [0x00000000d5580000, 0x0000000100000000, 0x0000000100000000)
  eden space 471552K, 0% used [0x00000000d5580000,0x00000000d5580000,0x00000000f2200000)
  from space 92160K, 99% used [0x00000000f2200000,0x00000000f7ba59a8,0x00000000f7c00000)
  to   space 124416K, 0% used [0x00000000f8680000,0x00000000f8680000,0x0000000100000000)
 ParOldGen       total 214528K, used 115262K [0x0000000080000000, 0x000000008d180000, 0x00000000d5580000)
  object space 214528K, 53% used [0x0000000080000000,0x000000008708f840,0x000000008d180000)
 Metaspace       used 129590K, capacity 136811K, committed 137292K, reserved 1169408K
  class space    used 16370K, capacity 17641K, committed 17792K, reserved 1048576K
}
Event: 21240.886 GC heap before
{Heap before GC invocations=61 (full 7):
 PSYoungGen      total 563712K, used 563350K [0x00000000d5580000, 0x0000000100000000, 0x0000000100000000)
  eden space 471552K, 100% used [0x00000000d5580000,0x00000000f2200000,0x00000000f2200000)
  from space 92160K, 99% used [0x00000000f2200000,0x00000000f7ba59a8,0x00000000f7c00000)
  to   space 124416K, 0% used [0x00000000f8680000,0x00000000f8680000,0x0000000100000000)
 ParOldGen       total 214528K, used 115262K [0x0000000080000000, 0x000000008d180000, 0x00000000d5580000)
  object space 214528K, 53% used [0x0000000080000000,0x000000008708f840,0x000000008d180000)
 Metaspace       used 130771K, capacity 139189K, committed 139468K, reserved 1171456K
  class space    used 16577K, capacity 18012K, committed 18176K, reserved 1048576K

